The system is: Windows - 10.0.22621 - AMD64
Compiling the C compiler identification source file "CMakeCCompilerId.c" succeeded.
Compiler: C:/Program Files/Microsoft Visual Studio/2022/Community/VC/Tools/MSVC/14.34.31933/bin/Hostx86/x86/cl.exe 
Build flags: 
Id flags:  

The output was:
0
Оптимизирующий компилятор Microsoft (R) C/C++ версии 19.34.31933 для x86
(C) Корпорация Майкрософт (Microsoft Corporation).  Все права защищены.

CMakeCCompilerId.c
Microsoft (R) Incremental Linker Version 14.34.31933.0
Copyright (C) Microsoft Corporation.  All rights reserved.

/out:CMakeCCompilerId.exe 
CMakeCCompilerId.obj 


Compilation of the C compiler identification source "CMakeCCompilerId.c" produced "CMakeCCompilerId.exe"

Compilation of the C compiler identification source "CMakeCCompilerId.c" produced "CMakeCCompilerId.obj"

The C compiler identification is MSVC, found in "C:/Misha/Projects/course/course_work_2/CMakeFiles/3.25.0/CompilerIdC/CMakeCCompilerId.exe"

Compiling the CXX compiler identification source file "CMakeCXXCompilerId.cpp" succeeded.
Compiler: C:/Program Files/Microsoft Visual Studio/2022/Community/VC/Tools/MSVC/14.34.31933/bin/Hostx86/x86/cl.exe 
Build flags: 
Id flags:  

The output was:
0
Оптимизирующий компилятор Microsoft (R) C/C++ версии 19.34.31933 для x86
(C) Корпорация Майкрософт (Microsoft Corporation).  Все права защищены.

CMakeCXXCompilerId.cpp
Microsoft (R) Incremental Linker Version 14.34.31933.0
Copyright (C) Microsoft Corporation.  All rights reserved.

/out:CMakeCXXCompilerId.exe 
CMakeCXXCompilerId.obj 


Compilation of the CXX compiler identification source "CMakeCXXCompilerId.cpp" produced "CMakeCXXCompilerId.exe"

Compilation of the CXX compiler identification source "CMakeCXXCompilerId.cpp" produced "CMakeCXXCompilerId.obj"

The CXX compiler identification is MSVC, found in "C:/Misha/Projects/course/course_work_2/CMakeFiles/3.25.0/CompilerIdCXX/CMakeCXXCompilerId.exe"

Detecting C compiler ABI info compiled with the following output:
Change Dir: C:/Misha/Projects/course/course_work_2/CMakeFiles/CMakeScratch/TryCompile-v5u9vo

Run Build Command(s):nmake -f Makefile /nologo cmTC_48de4\fast && 	"C:\Program Files\Microsoft Visual Studio\2022\Community\VC\Tools\MSVC\14.34.31933\bin\HostX86\x86\nmake.exe"  -f CMakeFiles\cmTC_48de4.dir\build.make /nologo -L                  CMakeFiles\cmTC_48de4.dir\build
Building C object CMakeFiles/cmTC_48de4.dir/CMakeCCompilerABI.c.obj
	"C:\Program Files\CMake\bin\cmake.exe" -E cmake_cl_compile_depends --dep-file=CMakeFiles\cmTC_48de4.dir\CMakeCCompilerABI.c.obj.d --working-dir=C:\Misha\Projects\course\course_work_2\CMakeFiles\CMakeScratch\TryCompile-v5u9vo --filter-prefix="╧Ёшьхўрэшх: тъы■ўхэшх Їрщыр:  " -- C:\PROGRA~1\MICROS~2\2022\COMMUN~1\VC\Tools\MSVC\1434~1.319\bin\Hostx86\x86\cl.exe @C:\Users\Misha\AppData\Local\Temp\nm68F.tmp
CMakeCCompilerABI.c
Linking C executable cmTC_48de4.exe
	"C:\Program Files\CMake\bin\cmake.exe" -E vs_link_exe --intdir=CMakeFiles\cmTC_48de4.dir --rc=C:\PROGRA~2\WI3CF2~1\10\bin\100190~1.0\x86\rc.exe --mt=C:\PROGRA~2\WI3CF2~1\10\bin\100190~1.0\x86\mt.exe --manifests -- C:\PROGRA~1\MICROS~2\2022\COMMUN~1\VC\Tools\MSVC\1434~1.319\bin\Hostx86\x86\link.exe /nologo @CMakeFiles\cmTC_48de4.dir\objects1 @C:\Users\Misha\AppData\Local\Temp\nm8A3.tmp



Detecting CXX compiler ABI info compiled with the following output:
Change Dir: C:/Misha/Projects/course/course_work_2/CMakeFiles/CMakeScratch/TryCompile-ew5iit

Run Build Command(s):nmake -f Makefile /nologo cmTC_001de\fast && 	"C:\Program Files\Microsoft Visual Studio\2022\Community\VC\Tools\MSVC\14.34.31933\bin\HostX86\x86\nmake.exe"  -f CMakeFiles\cmTC_001de.dir\build.make /nologo -L                  CMakeFiles\cmTC_001de.dir\build
Building CXX object CMakeFiles/cmTC_001de.dir/CMakeCXXCompilerABI.cpp.obj
	"C:\Program Files\CMake\bin\cmake.exe" -E cmake_cl_compile_depends --dep-file=CMakeFiles\cmTC_001de.dir\CMakeCXXCompilerABI.cpp.obj.d --working-dir=C:\Misha\Projects\course\course_work_2\CMakeFiles\CMakeScratch\TryCompile-ew5iit --filter-prefix="╧Ёшьхўрэшх: тъы■ўхэшх Їрщыр:  " -- C:\PROGRA~1\MICROS~2\2022\COMMUN~1\VC\Tools\MSVC\1434~1.319\bin\Hostx86\x86\cl.exe @C:\Users\Misha\AppData\Local\Temp\nmD36.tmp
CMakeCXXCompilerABI.cpp
Linking CXX executable cmTC_001de.exe
	"C:\Program Files\CMake\bin\cmake.exe" -E vs_link_exe --intdir=CMakeFiles\cmTC_001de.dir --rc=C:\PROGRA~2\WI3CF2~1\10\bin\100190~1.0\x86\rc.exe --mt=C:\PROGRA~2\WI3CF2~1\10\bin\100190~1.0\x86\mt.exe --manifests -- C:\PROGRA~1\MICROS~2\2022\COMMUN~1\VC\Tools\MSVC\1434~1.319\bin\Hostx86\x86\link.exe /nologo @CMakeFiles\cmTC_001de.dir\objects1 @C:\Users\Misha\AppData\Local\Temp\nmE12.tmp



