The system is: Windows - 10.0.22621 - AMD64
Compiling the C compiler identification source file "CMakeCCompilerId.c" succeeded.
Compiler:  
Build flags: 
Id flags:  

The output was:
0
MSBuild version 17.4.0+18d5aef85 for .NET Framework
Сборка начата 29.06.2023 20:51:39.
Проект "C:\Misha\Projects\course\course_work_2\build\CMakeFiles\3.25.0\CompilerIdC\CompilerIdC.vcxproj" в узле 1 (целевые объекты по умолчанию).
PrepareForBuild:
  Создание каталога "Debug\".
  Создание каталога "Debug\CompilerIdC.tlog\".
InitializeBuildStatus:
  Создание "Debug\CompilerIdC.tlog\unsuccessfulbuild", так как было задано "AlwaysCreate".
VcpkgTripletSelection:
  Using triplet "x64-windows" from "C:\vcpkg\vcpkg\installed\x64-windows\"
  Using normalized configuration "Release"
ClCompile:
  C:\Program Files\Microsoft Visual Studio\2022\Community\VC\Tools\MSVC\14.34.31933\bin\HostX64\x64\CL.exe /c /I"C:\vcpkg\vcpkg\installed\x64-windows\include" /nologo /W0 /WX- /diagnostics:column /Od /D _MBCS /Gm- /EHsc /RTC1 /MDd /GS /fp:precise /Zc:wchar_t /Zc:forScope /Zc:inline /Fo"Debug\\" /Fd"Debug\vc143.pdb" /external:W0 /Gd /TC /FC /errorReport:queue CMakeCCompilerId.c
  CMakeCCompilerId.c
Link:
  C:\Program Files\Microsoft Visual Studio\2022\Community\VC\Tools\MSVC\14.34.31933\bin\HostX64\x64\link.exe /ERRORREPORT:QUEUE /OUT:".\CompilerIdC.exe" /INCREMENTAL:NO /NOLOGO /LIBPATH:"C:\vcpkg\vcpkg\installed\x64-windows\lib" /LIBPATH:"C:\vcpkg\vcpkg\installed\x64-windows\lib\manual-link" kernel32.lib user32.lib gdi32.lib winspool.lib comdlg32.lib advapi32.lib shell32.lib ole32.lib oleaut32.lib uuid.lib odbc32.lib odbccp32.lib "C:\vcpkg\vcpkg\installed\x64-windows\lib\*.lib" /MANIFEST /MANIFESTUAC:"level='asInvoker' uiAccess='false'" /manifest:embed /PDB:".\CompilerIdC.pdb" /SUBSYSTEM:CONSOLE /TLBID:1 /DYNAMICBASE /NXCOMPAT /IMPLIB:".\CompilerIdC.lib" /MACHINE:X64 Debug\CMakeCCompilerId.obj
  CompilerIdC.vcxproj -> C:\Misha\Projects\course\course_work_2\build\CMakeFiles\3.25.0\CompilerIdC\CompilerIdC.exe
AppLocalFromInstalled:
  pwsh.exe -ExecutionPolicy Bypass -noprofile -File "C:\vcpkg\vcpkg\scripts\buildsystems\msbuild\applocal.ps1" "C:\Misha\Projects\course\course_work_2\build\CMakeFiles\3.25.0\CompilerIdC\CompilerIdC.exe" "C:\vcpkg\vcpkg\installed\x64-windows\bin" "Debug\CompilerIdC.tlog\CompilerIdC.write.1u.tlog" "Debug\vcpkg.applocal.log"
  "pwsh.exe" не является внутренней или внешней
  командой, исполняемой программой или пакетным файлом.
  Выход из команды "pwsh.exe -ExecutionPolicy Bypass -noprofile -File "C:\vcpkg\vcpkg\scripts\buildsystems\msbuild\applocal.ps1" "C:\Misha\Projects\course\course_work_2\build\CMakeFiles\3.25.0\CompilerIdC\CompilerIdC.exe" "C:\vcpkg\vcpkg\installed\x64-windows\bin" "Debug\CompilerIdC.tlog\CompilerIdC.write.1u.tlog" "Debug\vcpkg.applocal.log"" с кодом 9009.
  "C:\WINDOWS\System32\WindowsPowerShell\v1.0\powershell.exe" -ExecutionPolicy Bypass -noprofile -File "C:\vcpkg\vcpkg\scripts\buildsystems\msbuild\applocal.ps1" "C:\Misha\Projects\course\course_work_2\build\CMakeFiles\3.25.0\CompilerIdC\CompilerIdC.exe" "C:\vcpkg\vcpkg\installed\x64-windows\bin" "Debug\CompilerIdC.tlog\CompilerIdC.write.1u.tlog" "Debug\vcpkg.applocal.log"
PostBuildEvent:
  for %%i in (cl.exe) do @echo CMAKE_C_COMPILER=%%~$PATH:i
  :VCEnd
  CMAKE_C_COMPILER=C:\Program Files\Microsoft Visual Studio\2022\Community\VC\Tools\MSVC\14.34.31933\bin\Hostx64\x64\cl.exe
FinalizeBuildStatus:
  Файл "Debug\CompilerIdC.tlog\unsuccessfulbuild" удаляется.
  Обращение к "Debug\CompilerIdC.tlog\CompilerIdC.lastbuildstate".
Сборка проекта "C:\Misha\Projects\course\course_work_2\build\CMakeFiles\3.25.0\CompilerIdC\CompilerIdC.vcxproj" завершена (целевые объекты по умолчанию).

Сборка успешно завершена.
    Предупреждений: 0
    Ошибок: 0

Прошло времени 00:00:06.86


Compilation of the C compiler identification source "CMakeCCompilerId.c" produced "CompilerIdC.exe"

Compilation of the C compiler identification source "CMakeCCompilerId.c" produced "CompilerIdC.vcxproj"

The C compiler identification is MSVC, found in "C:/Misha/Projects/course/course_work_2/build/CMakeFiles/3.25.0/CompilerIdC/CompilerIdC.exe"

Compiling the CXX compiler identification source file "CMakeCXXCompilerId.cpp" succeeded.
Compiler:  
Build flags: 
Id flags:  

The output was:
0
MSBuild version 17.4.0+18d5aef85 for .NET Framework
Сборка начата 29.06.2023 20:51:48.
Проект "C:\Misha\Projects\course\course_work_2\build\CMakeFiles\3.25.0\CompilerIdCXX\CompilerIdCXX.vcxproj" в узле 1 (целевые объекты по умолчанию).
PrepareForBuild:
  Создание каталога "Debug\".
  Создание каталога "Debug\CompilerIdCXX.tlog\".
InitializeBuildStatus:
  Создание "Debug\CompilerIdCXX.tlog\unsuccessfulbuild", так как было задано "AlwaysCreate".
VcpkgTripletSelection:
  Using triplet "x64-windows" from "C:\vcpkg\vcpkg\installed\x64-windows\"
  Using normalized configuration "Release"
ClCompile:
  C:\Program Files\Microsoft Visual Studio\2022\Community\VC\Tools\MSVC\14.34.31933\bin\HostX64\x64\CL.exe /c /I"C:\vcpkg\vcpkg\installed\x64-windows\include" /nologo /W0 /WX- /diagnostics:column /Od /D _MBCS /Gm- /EHsc /RTC1 /MDd /GS /fp:precise /Zc:wchar_t /Zc:forScope /Zc:inline /Fo"Debug\\" /Fd"Debug\vc143.pdb" /external:W0 /Gd /TP /FC /errorReport:queue CMakeCXXCompilerId.cpp
  CMakeCXXCompilerId.cpp
Link:
  C:\Program Files\Microsoft Visual Studio\2022\Community\VC\Tools\MSVC\14.34.31933\bin\HostX64\x64\link.exe /ERRORREPORT:QUEUE /OUT:".\CompilerIdCXX.exe" /INCREMENTAL:NO /NOLOGO /LIBPATH:"C:\vcpkg\vcpkg\installed\x64-windows\lib" /LIBPATH:"C:\vcpkg\vcpkg\installed\x64-windows\lib\manual-link" kernel32.lib user32.lib gdi32.lib winspool.lib comdlg32.lib advapi32.lib shell32.lib ole32.lib oleaut32.lib uuid.lib odbc32.lib odbccp32.lib "C:\vcpkg\vcpkg\installed\x64-windows\lib\*.lib" /MANIFEST /MANIFESTUAC:"level='asInvoker' uiAccess='false'" /manifest:embed /PDB:".\CompilerIdCXX.pdb" /SUBSYSTEM:CONSOLE /TLBID:1 /DYNAMICBASE /NXCOMPAT /IMPLIB:".\CompilerIdCXX.lib" /MACHINE:X64 Debug\CMakeCXXCompilerId.obj
  CompilerIdCXX.vcxproj -> C:\Misha\Projects\course\course_work_2\build\CMakeFiles\3.25.0\CompilerIdCXX\CompilerIdCXX.exe
AppLocalFromInstalled:
  pwsh.exe -ExecutionPolicy Bypass -noprofile -File "C:\vcpkg\vcpkg\scripts\buildsystems\msbuild\applocal.ps1" "C:\Misha\Projects\course\course_work_2\build\CMakeFiles\3.25.0\CompilerIdCXX\CompilerIdCXX.exe" "C:\vcpkg\vcpkg\installed\x64-windows\bin" "Debug\CompilerIdCXX.tlog\CompilerIdCXX.write.1u.tlog" "Debug\vcpkg.applocal.log"
  "pwsh.exe" не является внутренней или внешней
  командой, исполняемой программой или пакетным файлом.
  Выход из команды "pwsh.exe -ExecutionPolicy Bypass -noprofile -File "C:\vcpkg\vcpkg\scripts\buildsystems\msbuild\applocal.ps1" "C:\Misha\Projects\course\course_work_2\build\CMakeFiles\3.25.0\CompilerIdCXX\CompilerIdCXX.exe" "C:\vcpkg\vcpkg\installed\x64-windows\bin" "Debug\CompilerIdCXX.tlog\CompilerIdCXX.write.1u.tlog" "Debug\vcpkg.applocal.log"" с кодом 9009.
  "C:\WINDOWS\System32\WindowsPowerShell\v1.0\powershell.exe" -ExecutionPolicy Bypass -noprofile -File "C:\vcpkg\vcpkg\scripts\buildsystems\msbuild\applocal.ps1" "C:\Misha\Projects\course\course_work_2\build\CMakeFiles\3.25.0\CompilerIdCXX\CompilerIdCXX.exe" "C:\vcpkg\vcpkg\installed\x64-windows\bin" "Debug\CompilerIdCXX.tlog\CompilerIdCXX.write.1u.tlog" "Debug\vcpkg.applocal.log"
PostBuildEvent:
  for %%i in (cl.exe) do @echo CMAKE_CXX_COMPILER=%%~$PATH:i
  :VCEnd
  CMAKE_CXX_COMPILER=C:\Program Files\Microsoft Visual Studio\2022\Community\VC\Tools\MSVC\14.34.31933\bin\Hostx64\x64\cl.exe
FinalizeBuildStatus:
  Файл "Debug\CompilerIdCXX.tlog\unsuccessfulbuild" удаляется.
  Обращение к "Debug\CompilerIdCXX.tlog\CompilerIdCXX.lastbuildstate".
Сборка проекта "C:\Misha\Projects\course\course_work_2\build\CMakeFiles\3.25.0\CompilerIdCXX\CompilerIdCXX.vcxproj" завершена (целевые объекты по умолчанию).

Сборка успешно завершена.
    Предупреждений: 0
    Ошибок: 0

Прошло времени 00:00:04.82


Compilation of the CXX compiler identification source "CMakeCXXCompilerId.cpp" produced "CompilerIdCXX.exe"

Compilation of the CXX compiler identification source "CMakeCXXCompilerId.cpp" produced "CompilerIdCXX.vcxproj"

The CXX compiler identification is MSVC, found in "C:/Misha/Projects/course/course_work_2/build/CMakeFiles/3.25.0/CompilerIdCXX/CompilerIdCXX.exe"

Detecting C compiler ABI info compiled with the following output:
Change Dir: C:/Misha/Projects/course/course_work_2/build/CMakeFiles/CMakeScratch/TryCompile-ydpui0

Run Build Command(s):C:/Program Files/Microsoft Visual Studio/2022/Community/MSBuild/Current/Bin/amd64/MSBuild.exe cmTC_955d9.vcxproj /p:Configuration=Debug /p:Platform=x64 /p:VisualStudioVersion=17.0 /v:m && MSBuild version 17.4.0+18d5aef85 for .NET Framework
  Оптимизирующий компилятор Microsoft (R) C/C++ версии 19.34.31933 для x64
  CMakeCCompilerABI.c
  (C) Корпорация Майкрософт (Microsoft Corporation).  Все права защищены.
  cl /c /Zi /W3 /WX- /diagnostics:column /Od /Ob0 /D _MBCS /D WIN32 /D _WINDOWS /D "CMAKE_INTDIR=\"Debug\"" /Gm- /RTC1 /MDd /GS /fp:precise /Zc:wchar_t /Zc:forScope /Zc:inline /Fo"cmTC_955d9.dir\Debug\\" /Fd"cmTC_955d9.dir\Debug\vc143.pdb" /external:W3 /Gd /TC /errorReport:queue "C:\Program Files\CMake\share\cmake-3.25\Modules\CMakeCCompilerABI.c"
  cmTC_955d9.vcxproj -> C:\Misha\Projects\course\course_work_2\build\CMakeFiles\CMakeScratch\TryCompile-ydpui0\Debug\cmTC_955d9.exe



Detecting CXX compiler ABI info compiled with the following output:
Change Dir: C:/Misha/Projects/course/course_work_2/build/CMakeFiles/CMakeScratch/TryCompile-esoiuy

Run Build Command(s):C:/Program Files/Microsoft Visual Studio/2022/Community/MSBuild/Current/Bin/amd64/MSBuild.exe cmTC_63321.vcxproj /p:Configuration=Debug /p:Platform=x64 /p:VisualStudioVersion=17.0 /v:m && MSBuild version 17.4.0+18d5aef85 for .NET Framework
  Оптимизирующий компилятор Microsoft (R) C/C++ версии 19.34.31933 для x64
  CMakeCXXCompilerABI.cpp
  (C) Корпорация Майкрософт (Microsoft Corporation).  Все права защищены.
  cl /c /Zi /W3 /WX- /diagnostics:column /Od /Ob0 /D _MBCS /D WIN32 /D _WINDOWS /D "CMAKE_INTDIR=\"Debug\"" /Gm- /EHsc /RTC1 /MDd /GS /fp:precise /Zc:wchar_t /Zc:forScope /Zc:inline /GR /Fo"cmTC_63321.dir\Debug\\" /Fd"cmTC_63321.dir\Debug\vc143.pdb" /external:W3 /Gd /TP /errorReport:queue "C:\Program Files\CMake\share\cmake-3.25\Modules\CMakeCXXCompilerABI.cpp"
  cmTC_63321.vcxproj -> C:\Misha\Projects\course\course_work_2\build\CMakeFiles\CMakeScratch\TryCompile-esoiuy\Debug\cmTC_63321.exe



