Performing C SOURCE FILE Test CMAKE_HAVE_LIBC_PTHREAD failed with the following output:
Change Dir: C:/Misha/Projects/course/course_work_2/out/build/x64-release/CMakeFiles/CMakeTmp

Run Build Command(s):C:/Program Files/Microsoft Visual Studio/2022/Community/Common7/IDE/CommonExtensions/Microsoft/CMake/Ninja/ninja.exe cmTC_bea09 && [1/2] Building C object CMakeFiles\cmTC_bea09.dir\src.c.obj
FAILED: CMakeFiles/cmTC_bea09.dir/src.c.obj 
C:\PROGRA~1\MICROS~2\2022\COMMUN~1\VC\Tools\MSVC\1434~1.319\bin\Hostx64\x64\cl.exe  /nologo -DCMAKE_HAVE_LIBC_PTHREAD  /DWIN32 /D_WINDOWS /W3  /MDd /Zi /Ob0 /Od /RTC1 /showIncludes /FoCMakeFiles\cmTC_bea09.dir\src.c.obj /FdCMakeFiles\cmTC_bea09.dir\ /FS -c C:\Misha\Projects\course\course_work_2\out\build\x64-release\CMakeFiles\CMakeTmp\src.c
C:\Misha\Projects\course\course_work_2\out\build\x64-release\CMakeFiles\CMakeTmp\src.c(1): fatal error C1083: Не удается открыть файл включение: pthread.h: No such file or directory,
ninja: build stopped: subcommand failed.


Source file was:
#include <pthread.h>

static void* test_func(void* data)
{
  return data;
}

int main(void)
{
  pthread_t thread;
  pthread_create(&thread, NULL, test_func, NULL);
  pthread_detach(thread);
  pthread_cancel(thread);
  pthread_join(thread, NULL);
  pthread_atfork(NULL, NULL, NULL);
  pthread_exit(NULL);

  return 0;
}

Determining if the function pthread_create exists in the pthreads failed with the following output:
Change Dir: C:/Misha/Projects/course/course_work_2/out/build/x64-release/CMakeFiles/CMakeTmp

Run Build Command(s):C:/Program Files/Microsoft Visual Studio/2022/Community/Common7/IDE/CommonExtensions/Microsoft/CMake/Ninja/ninja.exe cmTC_38254 && [1/2] Building C object CMakeFiles\cmTC_38254.dir\CheckFunctionExists.c.obj
[2/2] Linking C executable cmTC_38254.exe
FAILED: cmTC_38254.exe 
cmd.exe /C "cd . && "C:\Program Files\Microsoft Visual Studio\2022\Community\Common7\IDE\CommonExtensions\Microsoft\CMake\CMake\bin\cmake.exe" -E vs_link_exe --intdir=CMakeFiles\cmTC_38254.dir --rc=C:\PROGRA~2\WI3CF2~1\10\bin\100190~1.0\x64\rc.exe --mt=C:\PROGRA~2\WI3CF2~1\10\bin\100190~1.0\x64\mt.exe --manifests  -- C:\PROGRA~1\MICROS~2\2022\COMMUN~1\VC\Tools\MSVC\1434~1.319\bin\Hostx64\x64\link.exe /nologo CMakeFiles\cmTC_38254.dir\CheckFunctionExists.c.obj  /out:cmTC_38254.exe /implib:cmTC_38254.lib /pdb:cmTC_38254.pdb /version:0.0 /machine:x64  /debug /INCREMENTAL /subsystem:console  pthreads.lib  kernel32.lib user32.lib gdi32.lib winspool.lib shell32.lib ole32.lib oleaut32.lib uuid.lib comdlg32.lib advapi32.lib && cmd.exe /C "cd /D C:\Misha\Projects\course\course_work_2\out\build\x64-release\CMakeFiles\CMakeTmp && C:\Windows\System32\WindowsPowerShell\v1.0\powershell.exe -noprofile -executionpolicy Bypass -file C:/vcpkg/vcpkg/scripts/buildsystems/msbuild/applocal.ps1 -targetBinary C:/Misha/Projects/course/course_work_2/out/build/x64-release/CMakeFiles/CMakeTmp/cmTC_38254.exe -installedDir C:/vcpkg/vcpkg/installed/x64-windows/debug/bin -OutVariable out""
LINK Pass 1: command "C:\PROGRA~1\MICROS~2\2022\COMMUN~1\VC\Tools\MSVC\1434~1.319\bin\Hostx64\x64\link.exe /nologo CMakeFiles\cmTC_38254.dir\CheckFunctionExists.c.obj /out:cmTC_38254.exe /implib:cmTC_38254.lib /pdb:cmTC_38254.pdb /version:0.0 /machine:x64 /debug /INCREMENTAL /subsystem:console pthreads.lib kernel32.lib user32.lib gdi32.lib winspool.lib shell32.lib ole32.lib oleaut32.lib uuid.lib comdlg32.lib advapi32.lib /MANIFEST /MANIFESTFILE:CMakeFiles\cmTC_38254.dir/intermediate.manifest CMakeFiles\cmTC_38254.dir/manifest.res" failed (exit code 1104) with the following output:
LINK : fatal error LNK1104: не удается открыть файл "pthreads.lib"
ninja: build stopped: subcommand failed.



Determining if the function pthread_create exists in the pthread failed with the following output:
Change Dir: C:/Misha/Projects/course/course_work_2/out/build/x64-release/CMakeFiles/CMakeTmp

Run Build Command(s):C:/Program Files/Microsoft Visual Studio/2022/Community/Common7/IDE/CommonExtensions/Microsoft/CMake/Ninja/ninja.exe cmTC_bd8c9 && [1/2] Building C object CMakeFiles\cmTC_bd8c9.dir\CheckFunctionExists.c.obj
[2/2] Linking C executable cmTC_bd8c9.exe
FAILED: cmTC_bd8c9.exe 
cmd.exe /C "cd . && "C:\Program Files\Microsoft Visual Studio\2022\Community\Common7\IDE\CommonExtensions\Microsoft\CMake\CMake\bin\cmake.exe" -E vs_link_exe --intdir=CMakeFiles\cmTC_bd8c9.dir --rc=C:\PROGRA~2\WI3CF2~1\10\bin\100190~1.0\x64\rc.exe --mt=C:\PROGRA~2\WI3CF2~1\10\bin\100190~1.0\x64\mt.exe --manifests  -- C:\PROGRA~1\MICROS~2\2022\COMMUN~1\VC\Tools\MSVC\1434~1.319\bin\Hostx64\x64\link.exe /nologo CMakeFiles\cmTC_bd8c9.dir\CheckFunctionExists.c.obj  /out:cmTC_bd8c9.exe /implib:cmTC_bd8c9.lib /pdb:cmTC_bd8c9.pdb /version:0.0 /machine:x64  /debug /INCREMENTAL /subsystem:console  pthread.lib  kernel32.lib user32.lib gdi32.lib winspool.lib shell32.lib ole32.lib oleaut32.lib uuid.lib comdlg32.lib advapi32.lib && cmd.exe /C "cd /D C:\Misha\Projects\course\course_work_2\out\build\x64-release\CMakeFiles\CMakeTmp && C:\Windows\System32\WindowsPowerShell\v1.0\powershell.exe -noprofile -executionpolicy Bypass -file C:/vcpkg/vcpkg/scripts/buildsystems/msbuild/applocal.ps1 -targetBinary C:/Misha/Projects/course/course_work_2/out/build/x64-release/CMakeFiles/CMakeTmp/cmTC_bd8c9.exe -installedDir C:/vcpkg/vcpkg/installed/x64-windows/debug/bin -OutVariable out""
LINK Pass 1: command "C:\PROGRA~1\MICROS~2\2022\COMMUN~1\VC\Tools\MSVC\1434~1.319\bin\Hostx64\x64\link.exe /nologo CMakeFiles\cmTC_bd8c9.dir\CheckFunctionExists.c.obj /out:cmTC_bd8c9.exe /implib:cmTC_bd8c9.lib /pdb:cmTC_bd8c9.pdb /version:0.0 /machine:x64 /debug /INCREMENTAL /subsystem:console pthread.lib kernel32.lib user32.lib gdi32.lib winspool.lib shell32.lib ole32.lib oleaut32.lib uuid.lib comdlg32.lib advapi32.lib /MANIFEST /MANIFESTFILE:CMakeFiles\cmTC_bd8c9.dir/intermediate.manifest CMakeFiles\cmTC_bd8c9.dir/manifest.res" failed (exit code 1104) with the following output:
LINK : fatal error LNK1104: не удается открыть файл "pthread.lib"
ninja: build stopped: subcommand failed.



